<?xml version="1.0" ?>
<coverage version="6.3.2" timestamp="1652233354054" lines-valid="29" lines-covered="29" line-rate="1" branches-covered="0" branches-valid="0" branch-rate="0" complexity="0">
	<sources>
		<source>/Users/juanmanuelfigueroa/python-stuff/fast_test</source>
	</sources>
	<packages>
		<package name="." line-rate="1" branch-rate="0" complexity="0">
			<classes>
				<class name="exclude.py" filename="exclude.py" complexity="0" line-rate="1" branch-rate="0">
					<methods/>
					<lines>
						<line number="1" hits="1"/>
					</lines>
				</class>
			</classes>
		</package>
	</packages>
</coverage>
