<?xml version="1.0" ?>
<coverage version="6.3.2" timestamp="1652233354054" lines-valid="29" lines-covered="0" line-rate="0" branches-covered="0" branches-valid="0" branch-rate="0" complexity="0">
	<sources>
		<source>/Users/juanmanuelfigueroa/python-stuff/fast_test</source>
	</sources>
	<packages>
		<package name="." line-rate="0" branch-rate="0" complexity="0">
			<classes>
				<class name="test_main.py" filename="test_main.py" complexity="0" line-rate="0" branch-rate="0">
					<methods/>
					<lines/>
				</class>
			</classes>
		</package>
	</packages>
</coverage>
